<?xml version="1.0" encoding="UTF-8"?>
<testsuite name="kybmig.ssm.SsmApplicationTests" tests="1" skipped="0" failures="0" errors="0" timestamp="2020-07-01T20:03:02" hostname="PUDRMBUJ3KGIPRF" time="0.388">
  <properties/>
  <testcase name="contextLoads" classname="kybmig.ssm.SsmApplicationTests" time="0.388"/>
  <system-out><![CDATA[04:02:58.312 [Test worker] DEBUG org.springframework.test.context.junit4.SpringJUnit4ClassRunner - SpringJUnit4ClassRunner constructor called with [class kybmig.ssm.SsmApplicationTests]
04:02:58.319 [Test worker] DEBUG org.springframework.test.context.BootstrapUtils - Instantiating CacheAwareContextLoaderDelegate from class [org.springframework.test.context.cache.DefaultCacheAwareContextLoaderDelegate]
04:02:58.327 [Test worker] DEBUG org.springframework.test.context.BootstrapUtils - Instantiating BootstrapContext using constructor [public org.springframework.test.context.support.DefaultBootstrapContext(java.lang.Class,org.springframework.test.context.CacheAwareContextLoaderDelegate)]
04:02:58.340 [Test worker] DEBUG org.springframework.test.context.BootstrapUtils - Instantiating TestContextBootstrapper for test class [kybmig.ssm.SsmApplicationTests] from class [org.springframework.boot.test.context.SpringBootTestContextBootstrapper]
04:02:58.350 [Test worker] INFO org.springframework.boot.test.context.SpringBootTestContextBootstrapper - Neither @ContextConfiguration nor @ContextHierarchy found for test class [kybmig.ssm.SsmApplicationTests], using SpringBootContextLoader
04:02:58.353 [Test worker] DEBUG org.springframework.test.context.support.AbstractContextLoader - Did not detect default resource location for test class [kybmig.ssm.SsmApplicationTests]: class path resource [kybmig/ssm/SsmApplicationTests-context.xml] does not exist
04:02:58.353 [Test worker] DEBUG org.springframework.test.context.support.AbstractContextLoader - Did not detect default resource location for test class [kybmig.ssm.SsmApplicationTests]: class path resource [kybmig/ssm/SsmApplicationTestsContext.groovy] does not exist
04:02:58.354 [Test worker] INFO org.springframework.test.context.support.AbstractContextLoader - Could not detect default resource locations for test class [kybmig.ssm.SsmApplicationTests]: no resource found for suffixes {-context.xml, Context.groovy}.
04:02:58.354 [Test worker] INFO org.springframework.test.context.support.AnnotationConfigContextLoaderUtils - Could not detect default configuration classes for test class [kybmig.ssm.SsmApplicationTests]: SsmApplicationTests does not declare any static, non-private, non-final, nested classes annotated with @Configuration.
04:02:58.387 [Test worker] DEBUG org.springframework.test.context.support.ActiveProfilesUtils - Could not find an 'annotation declaring class' for annotation type [org.springframework.test.context.ActiveProfiles] and class [kybmig.ssm.SsmApplicationTests]
04:02:58.469 [Test worker] DEBUG org.springframework.context.annotation.ClassPathScanningCandidateComponentProvider - Identified candidate component class: file [C:\Users\Administrator\Desktop\java_bbs\build\classes\java\main\kybmig\ssm\SsmApplication.class]
04:02:58.471 [Test worker] INFO org.springframework.boot.test.context.SpringBootTestContextBootstrapper - Found @SpringBootConfiguration kybmig.ssm.SsmApplication for test class kybmig.ssm.SsmApplicationTests
04:02:58.553 [Test worker] DEBUG org.springframework.boot.test.context.SpringBootTestContextBootstrapper - @TestExecutionListeners is not present for class [kybmig.ssm.SsmApplicationTests]: using defaults.
04:02:58.553 [Test worker] INFO org.springframework.boot.test.context.SpringBootTestContextBootstrapper - Loaded default TestExecutionListener class names from location [META-INF/spring.factories]: [org.springframework.boot.test.autoconfigure.restdocs.RestDocsTestExecutionListener, org.springframework.boot.test.autoconfigure.web.client.MockRestServiceServerResetTestExecutionListener, org.springframework.boot.test.autoconfigure.web.servlet.MockMvcPrintOnlyOnFailureTestExecutionListener, org.springframework.boot.test.autoconfigure.web.servlet.WebDriverTestExecutionListener, org.springframework.boot.test.mock.mockito.MockitoTestExecutionListener, org.springframework.boot.test.mock.mockito.ResetMocksTestExecutionListener, org.springframework.test.context.web.ServletTestExecutionListener, org.springframework.test.context.support.DirtiesContextBeforeModesTestExecutionListener, org.springframework.test.context.support.DependencyInjectionTestExecutionListener, org.springframework.test.context.support.DirtiesContextTestExecutionListener, org.springframework.test.context.transaction.TransactionalTestExecutionListener, org.springframework.test.context.jdbc.SqlScriptsTestExecutionListener]
04:02:58.576 [Test worker] INFO org.springframework.boot.test.context.SpringBootTestContextBootstrapper - Using TestExecutionListeners: [org.springframework.test.context.web.ServletTestExecutionListener@2be0d8f2, org.springframework.test.context.support.DirtiesContextBeforeModesTestExecutionListener@158c668c, org.springframework.boot.test.mock.mockito.MockitoTestExecutionListener@137f31a, org.springframework.boot.test.autoconfigure.SpringBootDependencyInjectionTestExecutionListener@6b2068ba, org.springframework.test.context.support.DirtiesContextTestExecutionListener@46aa0a64, org.springframework.test.context.transaction.TransactionalTestExecutionListener@3064ac3b, org.springframework.test.context.jdbc.SqlScriptsTestExecutionListener@ef5360e, org.springframework.boot.test.autoconfigure.restdocs.RestDocsTestExecutionListener@66f8fad2, org.springframework.boot.test.autoconfigure.web.client.MockRestServiceServerResetTestExecutionListener@70973543, org.springframework.boot.test.autoconfigure.web.servlet.MockMvcPrintOnlyOnFailureTestExecutionListener@65074a1e, org.springframework.boot.test.autoconfigure.web.servlet.WebDriverTestExecutionListener@426555f6, org.springframework.boot.test.mock.mockito.ResetMocksTestExecutionListener@636a0902]
04:02:58.579 [Test worker] DEBUG org.springframework.test.annotation.ProfileValueUtils - Retrieved @ProfileValueSourceConfiguration [null] for test class [kybmig.ssm.SsmApplicationTests]
04:02:58.579 [Test worker] DEBUG org.springframework.test.annotation.ProfileValueUtils - Retrieved ProfileValueSource type [class org.springframework.test.annotation.SystemProfileValueSource] for class [kybmig.ssm.SsmApplicationTests]
04:02:58.580 [Test worker] DEBUG org.springframework.test.annotation.ProfileValueUtils - Retrieved @ProfileValueSourceConfiguration [null] for test class [kybmig.ssm.SsmApplicationTests]
04:02:58.581 [Test worker] DEBUG org.springframework.test.annotation.ProfileValueUtils - Retrieved ProfileValueSource type [class org.springframework.test.annotation.SystemProfileValueSource] for class [kybmig.ssm.SsmApplicationTests]
04:02:58.586 [Test worker] DEBUG org.springframework.test.context.support.AbstractDirtiesContextTestExecutionListener - Before test class: context [DefaultTestContext@4545274 testClass = SsmApplicationTests, testInstance = [null], testMethod = [null], testException = [null], mergedContextConfiguration = [WebMergedContextConfiguration@3a4563bb testClass = SsmApplicationTests, locations = '{}', classes = '{class kybmig.ssm.SsmApplication}', contextInitializerClasses = '[]', activeProfiles = '{}', propertySourceLocations = '{}', propertySourceProperties = '{org.springframework.boot.test.context.SpringBootTestContextBootstrapper=true}', contextCustomizers = set[org.springframework.boot.test.autoconfigure.properties.PropertyMappingContextCustomizer@0, org.springframework.boot.test.autoconfigure.web.servlet.WebDriverContextCustomizerFactory$Customizer@17694a5f, org.springframework.boot.test.context.filter.ExcludeFilterContextCustomizer@79bbbdf0, org.springframework.boot.test.json.DuplicateJsonObjectContextCustomizerFactory$DuplicateJsonObjectContextCustomizer@5cee4be7, org.springframework.boot.test.mock.mockito.MockitoContextCustomizer@0, org.springframework.boot.test.web.client.TestRestTemplateContextCustomizer@76eb42d9], resourceBasePath = 'src/main/webapp', contextLoader = 'org.springframework.boot.test.context.SpringBootContextLoader', parent = [null]], attributes = map['org.springframework.test.context.web.ServletTestExecutionListener.activateListener' -> true]], class annotated with @DirtiesContext [false] with mode [null].
04:02:58.587 [Test worker] DEBUG org.springframework.test.annotation.ProfileValueUtils - Retrieved @ProfileValueSourceConfiguration [null] for test class [kybmig.ssm.SsmApplicationTests]
04:02:58.587 [Test worker] DEBUG org.springframework.test.annotation.ProfileValueUtils - Retrieved ProfileValueSource type [class org.springframework.test.annotation.SystemProfileValueSource] for class [kybmig.ssm.SsmApplicationTests]
04:02:58.606 [Test worker] DEBUG org.springframework.test.context.support.TestPropertySourceUtils - Adding inlined properties to environment: {spring.jmx.enabled=false, org.springframework.boot.test.context.SpringBootTestContextBootstrapper=true, server.port=-1}

  .   ____          _            __ _ _
 /\\ / ___'_ __ _ _(_)_ __  __ _ \ \ \ \
( ( )\___ | '_ | '_| | '_ \/ _` | \ \ \ \
 \\/  ___)| |_)| | | | | || (_| |  ) ) ) )
  '  |____| .__|_| |_|_| |_\__, | / / / /
 =========|_|==============|___/=/_/_/_/
 :: Spring Boot ::        (v2.1.7.RELEASE)

2020-07-02 04:02:58.856  INFO 10828 --- [    Test worker] kybmig.ssm.SsmApplicationTests           : Starting SsmApplicationTests on PUDRMBUJ3KGIPRF with PID 10828 (started by Administrator in C:\Users\Administrator\Desktop\java_bbs)
2020-07-02 04:02:58.858  INFO 10828 --- [    Test worker] kybmig.ssm.SsmApplicationTests           : No active profile set, falling back to default profiles: default
2020-07-02 04:02:58.887 DEBUG 10828 --- [    Test worker] o.s.w.c.s.GenericWebApplicationContext   : Refreshing org.springframework.web.context.support.GenericWebApplicationContext@45c14c7e
2020-07-02 04:02:59.683 DEBUG 10828 --- [    Test worker] o.m.s.b.a.MybatisAutoConfiguration       : Searching for mappers annotated with @Mapper
2020-07-02 04:02:59.684 DEBUG 10828 --- [    Test worker] o.m.s.b.a.MybatisAutoConfiguration       : Using auto-configuration base package 'kybmig.ssm'
2020-07-02 04:02:59.799 DEBUG 10828 --- [    Test worker] o.m.s.mapper.ClassPathMapperScanner      : Identified candidate component class: file [C:\Users\Administrator\Desktop\java_bbs\build\classes\java\main\kybmig\ssm\mapper\TopicCommentMapper.class]
2020-07-02 04:02:59.800 DEBUG 10828 --- [    Test worker] o.m.s.mapper.ClassPathMapperScanner      : Identified candidate component class: file [C:\Users\Administrator\Desktop\java_bbs\build\classes\java\main\kybmig\ssm\mapper\TopicMapper.class]
2020-07-02 04:02:59.800 DEBUG 10828 --- [    Test worker] o.m.s.mapper.ClassPathMapperScanner      : Identified candidate component class: file [C:\Users\Administrator\Desktop\java_bbs\build\classes\java\main\kybmig\ssm\mapper\UserMapper.class]
2020-07-02 04:02:59.803 DEBUG 10828 --- [    Test worker] o.m.s.mapper.ClassPathMapperScanner      : Creating MapperFactoryBean with name 'topicCommentMapper' and 'kybmig.ssm.mapper.TopicCommentMapper' mapperInterface
2020-07-02 04:02:59.803 DEBUG 10828 --- [    Test worker] o.m.s.mapper.ClassPathMapperScanner      : Enabling autowire by type for MapperFactoryBean with name 'topicCommentMapper'.
2020-07-02 04:02:59.803 DEBUG 10828 --- [    Test worker] o.m.s.mapper.ClassPathMapperScanner      : Creating MapperFactoryBean with name 'topicMapper' and 'kybmig.ssm.mapper.TopicMapper' mapperInterface
2020-07-02 04:02:59.804 DEBUG 10828 --- [    Test worker] o.m.s.mapper.ClassPathMapperScanner      : Enabling autowire by type for MapperFactoryBean with name 'topicMapper'.
2020-07-02 04:02:59.804 DEBUG 10828 --- [    Test worker] o.m.s.mapper.ClassPathMapperScanner      : Creating MapperFactoryBean with name 'userMapper' and 'kybmig.ssm.mapper.UserMapper' mapperInterface
2020-07-02 04:02:59.804 DEBUG 10828 --- [    Test worker] o.m.s.mapper.ClassPathMapperScanner      : Enabling autowire by type for MapperFactoryBean with name 'userMapper'.
2020-07-02 04:03:00.386  INFO 10828 --- [    Test worker] com.zaxxer.hikari.HikariDataSource       : HikariPool-1 - Starting...
2020-07-02 04:03:00.682  INFO 10828 --- [    Test worker] com.zaxxer.hikari.HikariDataSource       : HikariPool-1 - Start completed.
2020-07-02 04:03:00.795 DEBUG 10828 --- [    Test worker] o.mybatis.spring.SqlSessionFactoryBean   : Property 'mapperLocations' was not specified.
2020-07-02 04:03:01.002  INFO 10828 --- [    Test worker] kybmig.ssm.Utility                       : PermissionAspect 注入需要的依赖
2020-07-02 04:03:01.421 DEBUG 10828 --- [    Test worker] o.s.w.s.handler.SimpleUrlHandlerMapping  : Patterns [/**/favicon.ico] in 'faviconHandlerMapping'
2020-07-02 04:03:01.619  INFO 10828 --- [    Test worker] o.s.s.concurrent.ThreadPoolTaskExecutor  : Initializing ExecutorService 'applicationTaskExecutor'
2020-07-02 04:03:01.637 DEBUG 10828 --- [    Test worker] s.w.s.m.m.a.RequestMappingHandlerAdapter : ControllerAdvice beans: 0 @ModelAttribute, 0 @InitBinder, 1 RequestBodyAdvice, 1 ResponseBodyAdvice
2020-07-02 04:03:01.720 DEBUG 10828 --- [    Test worker] s.w.s.m.m.a.RequestMappingHandlerMapping : 29 mappings in 'requestMappingHandlerMapping'
2020-07-02 04:03:01.726  INFO 10828 --- [    Test worker] o.s.b.a.w.s.WelcomePageHandlerMapping    : Adding welcome page template: index
2020-07-02 04:03:01.758 DEBUG 10828 --- [    Test worker] o.s.w.s.handler.SimpleUrlHandlerMapping  : Patterns [/webjars/**, /**] in 'resourceHandlerMapping'
2020-07-02 04:03:01.772 DEBUG 10828 --- [    Test worker] .m.m.a.ExceptionHandlerExceptionResolver : ControllerAdvice beans: 0 @ExceptionHandler, 1 ResponseBodyAdvice
2020-07-02 04:03:01.887 DEBUG 10828 --- [    Test worker] o.m.s.b.a.MybatisAutoConfiguration       : Not found configuration for registering mapper bean using @MapperScan, MapperFactoryBean and MapperScannerConfigurer.
2020-07-02 04:03:01.975 DEBUG 10828 --- [    Test worker] o.s.w.s.v.f.FreeMarkerConfigurer         : Template loader path [class path resource [templates/]] resolved to file path [C:\Users\Administrator\Desktop\java_bbs\build\resources\main\templates]
2020-07-02 04:03:02.163  INFO 10828 --- [    Test worker] kybmig.ssm.SsmApplicationTests           : Started SsmApplicationTests in 3.55 seconds (JVM running for 4.535)
]]></system-out>
  <system-err><![CDATA[]]></system-err>
</testsuite>
